0 info it worked if it ends with ok
1 verbose cli [ '/usr/local/bin/node', '/usr/local/bin/npm', 'run', 'backend' ]
2 info using npm@3.10.10
3 info using node@v6.11.0
4 verbose run-script [ 'prebackend', 'backend', 'postbackend' ]
5 info lifecycle cimetery-site@1.0.0~prebackend: cimetery-site@1.0.0
6 silly lifecycle cimetery-site@1.0.0~prebackend: no script for prebackend, continuing
7 info lifecycle cimetery-site@1.0.0~backend: cimetery-site@1.0.0
8 verbose lifecycle cimetery-site@1.0.0~backend: unsafe-perm in lifecycle true
9 verbose lifecycle cimetery-site@1.0.0~backend: PATH: /usr/local/lib/node_modules/npm/bin/node-gyp-bin:/Users/artemsamsonov/projects/Angular test/node_modules/.bin:/Users/artemsamsonov/anaconda/bin:/opt/local/bin:/opt/local/sbin:/Users/artemsamsonov/.rbenv/shims:/Users/artemsamsonov/.rbenv/shims:/opt/local/bin:/opt/local/sbin:/Library/Frameworks/Python.framework/Versions/2.7/bin:/Library/Frameworks/Python.framework/Versions/3.4/bin:/usr/local/bin:/usr/bin:/bin:/usr/sbin:/sbin:/opt/X11/bin:/usr/local/git/bin:/Library/TeX/texbin:/Users/artemsamsonov/anaconda/bin:/opt/local/bin:/opt/local/sbin:/Users/artemsamsonov/.rbenv/shims:/Library/Frameworks/Python.framework/Versions/2.7/bin:/Library/Frameworks/Python.framework/Versions/3.4/bin
10 verbose lifecycle cimetery-site@1.0.0~backend: CWD: /Users/artemsamsonov/projects/Angular test
11 silly lifecycle cimetery-site@1.0.0~backend: Args: [ '-c', 'node ./backend.js' ]
12 silly lifecycle cimetery-site@1.0.0~backend: Returned: code: 1  signal: null
13 info lifecycle cimetery-site@1.0.0~backend: Failed to exec backend script
14 verbose stack Error: cimetery-site@1.0.0 backend: `node ./backend.js`
14 verbose stack Exit status 1
14 verbose stack     at EventEmitter.<anonymous> (/usr/local/lib/node_modules/npm/lib/utils/lifecycle.js:255:16)
14 verbose stack     at emitTwo (events.js:106:13)
14 verbose stack     at EventEmitter.emit (events.js:191:7)
14 verbose stack     at ChildProcess.<anonymous> (/usr/local/lib/node_modules/npm/lib/utils/spawn.js:40:14)
14 verbose stack     at emitTwo (events.js:106:13)
14 verbose stack     at ChildProcess.emit (events.js:191:7)
14 verbose stack     at maybeClose (internal/child_process.js:891:16)
14 verbose stack     at Process.ChildProcess._handle.onexit (internal/child_process.js:226:5)
15 verbose pkgid cimetery-site@1.0.0
16 verbose cwd /Users/artemsamsonov/projects/Angular test
17 error Darwin 16.6.0
18 error argv "/usr/local/bin/node" "/usr/local/bin/npm" "run" "backend"
19 error node v6.11.0
20 error npm  v3.10.10
21 error code ELIFECYCLE
22 error cimetery-site@1.0.0 backend: `node ./backend.js`
22 error Exit status 1
23 error Failed at the cimetery-site@1.0.0 backend script 'node ./backend.js'.
23 error Make sure you have the latest version of node.js and npm installed.
23 error If you do, this is most likely a problem with the cimetery-site package,
23 error not with npm itself.
23 error Tell the author that this fails on your system:
23 error     node ./backend.js
23 error You can get information on how to open an issue for this project with:
23 error     npm bugs cimetery-site
23 error Or if that isn't available, you can get their info via:
23 error     npm owner ls cimetery-site
23 error There is likely additional logging output above.
24 verbose exit [ 1, true ]
